<?xml version="1.0" encoding="UTF-8"?>
<!-- Generated by org.testng.reporters.JUnitReportReporter -->
<testsuite skipped="0" hostname="DAMERP1-TL2" name="com.testNG.examples.MultiTestDependency" tests="12" failures="0" timestamp="2021-12-02T13:38:14 IST" time="0.021" errors="0">
  <testcase name="init" time="0.001" classname="com.testNG.examples.MultiTestDependency"/>
  <system-out/>
  <testcase name="init" time="0.001" classname="com.testNG.examples.MultiTestDependency"/>
  <system-out/>
  <testcase name="start" time="0.001" classname="com.testNG.examples.MultiTestDependency"/>
  <system-out/>
  <testcase name="start" time="0.001" classname="com.testNG.examples.MultiTestDependency"/>
  <system-out/>
  <testcase name="process" time="0.001" classname="com.testNG.examples.MultiTestDependency"/>
  <system-out/>
  <testcase name="start" time="0.008" classname="com.testNG.examples.MultiTestDependency"/>
  <system-out/>
  <testcase name="process" time="0.002" classname="com.testNG.examples.MultiTestDependency"/>
  <system-out/>
  <testcase name="init" time="0.001" classname="com.testNG.examples.MultiTestDependency"/>
  <system-out/>
  <testcase name="stop" time="0.001" classname="com.testNG.examples.MultiTestDependency"/>
  <system-out/>
  <testcase name="stop" time="0.001" classname="com.testNG.examples.MultiTestDependency"/>
  <system-out/>
  <testcase name="process" time="0.001" classname="com.testNG.examples.MultiTestDependency"/>
  <system-out/>
  <testcase name="stop" time="0.002" classname="com.testNG.examples.MultiTestDependency"/>
  <system-out/>
</testsuite> <!-- com.testNG.examples.MultiTestDependency -->
