<?xml version="1.0" encoding="UTF-8"?>
<!-- Generated by org.testng.reporters.JUnitReportReporter -->
<testsuite skipped="0" hostname="DAMERP1-TL2" name="com.testNG.examples.TestCaseGrouping" tests="2" failures="0" timestamp="2021-12-03T17:17:07 IST" time="0.000" errors="0">
  <testcase name="testCaseTwo" time="0.000" classname="com.testNG.examples.TestCaseGrouping"/>
  <system-out/>
  <testcase name="testCaseOne" time="0.000" classname="com.testNG.examples.TestCaseGrouping"/>
  <system-out/>
</testsuite> <!-- com.testNG.examples.TestCaseGrouping -->
