<?xml version="1.0" encoding="UTF-8"?>
<!-- Generated by org.testng.reporters.JUnitReportReporter -->
<testsuite skipped="0" hostname="DAMERP1-TL2" name="com.testNG.examples.TestCaseGrouping" tests="4" failures="0" timestamp="2021-12-13T15:41:53 IST" time="0.010" errors="0">
  <testcase name="testCaseThree" time="0.000" classname="com.testNG.examples.TestCaseGrouping"/>
  <system-out/>
  <testcase name="testCaseTwo" time="0.001" classname="com.testNG.examples.TestCaseGrouping"/>
  <system-out/>
  <testcase name="testCaseOne" time="0.001" classname="com.testNG.examples.TestCaseGrouping"/>
  <system-out/>
  <testcase name="testCaseFour" time="0.008" classname="com.testNG.examples.TestCaseGrouping"/>
  <system-out/>
</testsuite> <!-- com.testNG.examples.TestCaseGrouping -->
