<?xml version="1.0" encoding="UTF-8"?>
<!-- Generated by org.testng.reporters.JUnitReportReporter -->
<testsuite skipped="0" hostname="DAMERP1-TL2" name="com.testNG.examples.PriorityExample" tests="4" failures="0" timestamp="2021-12-13T15:34:12 IST" time="0.019" errors="0">
  <testcase name="testOne" time="0.000" classname="com.testNG.examples.PriorityExample"/>
  <system-out/>
  <testcase name="testTwo" time="0.015" classname="com.testNG.examples.PriorityExample"/>
  <system-out/>
  <testcase name="testThree" time="0.003" classname="com.testNG.examples.PriorityExample"/>
  <system-out/>
  <testcase name="testFour" time="0.001" classname="com.testNG.examples.PriorityExample"/>
  <system-out/>
</testsuite> <!-- com.testNG.examples.PriorityExample -->
