<?xml version="1.0" encoding="UTF-8"?>
<!-- Generated by org.testng.reporters.JUnitReportReporter -->
<testsuite skipped="0" hostname="DAMERP1-TL2" name="com.testNG.dataProvider.DataProviderParameterExample" tests="9" failures="0" timestamp="2021-12-03T17:17:07 IST" time="0.004" errors="0">
  <testcase name="commonScenarios" time="0.000" classname="com.testNG.dataProvider.DataProviderParameterExample"/>
  <system-out/>
  <testcase name="scenario1" time="0.000" classname="com.testNG.dataProvider.DataProviderParameterExample"/>
  <system-out/>
  <testcase name="scenario2" time="0.000" classname="com.testNG.dataProvider.DataProviderParameterExample"/>
  <system-out/>
  <testcase name="scenario1" time="0.000" classname="com.testNG.dataProvider.DataProviderParameterExample"/>
  <system-out/>
  <testcase name="scenario2" time="0.000" classname="com.testNG.dataProvider.DataProviderParameterExample"/>
  <system-out/>
  <testcase name="commonScenarios" time="0.001" classname="com.testNG.dataProvider.DataProviderParameterExample"/>
  <system-out/>
  <testcase name="scenario1" time="0.000" classname="com.testNG.dataProvider.DataProviderParameterExample"/>
  <system-out/>
  <testcase name="commonScenarios" time="0.002" classname="com.testNG.dataProvider.DataProviderParameterExample"/>
  <system-out/>
  <testcase name="scenario2" time="0.001" classname="com.testNG.dataProvider.DataProviderParameterExample"/>
  <system-out/>
</testsuite> <!-- com.testNG.dataProvider.DataProviderParameterExample -->
