<?xml version="1.0" encoding="UTF-8"?>
<!-- Generated by org.testng.reporters.JUnitReportReporter -->
<testsuite skipped="0" hostname="DAMERP1-TL2" name="com.testNG.examples.AnnotationsTest" tests="1" failures="0" timestamp="2021-12-13T14:41:01 IST" time="0.005" errors="0">
  <testcase name="first" time="0.005" classname="com.testNG.examples.AnnotationsTest"/>
  <system-out/>
</testsuite> <!-- com.testNG.examples.AnnotationsTest -->
