<?xml version="1.0" encoding="UTF-8"?>
<!-- Generated by org.testng.reporters.JUnitReportReporter -->
<testsuite skipped="2" hostname="DAMERP1-TL2" name="com.testNG.examples.SkippingExample" tests="4" failures="0" timestamp="2021-12-13T15:37:37 IST" time="0.018" errors="0">
  <testcase name="testFour" time="0.016" classname="com.testNG.examples.SkippingExample"/>
  <system-out/>
  <testcase name="testOne" time="0.001" classname="com.testNG.examples.SkippingExample"/>
  <system-out/>
  <testcase name="testThree" time="0.001" classname="com.testNG.examples.SkippingExample">
    <skipped/>
  </testcase> <!-- testThree -->
  <system-out/>
  <testcase name="testTwo" classname="com.testNG.examples.SkippingExample">
    <skipped/>
  </testcase> <!-- testTwo -->
  <system-out/>
</testsuite> <!-- com.testNG.examples.SkippingExample -->
